<?xml version="1.0" encoding="UTF-8"?>
<!-- Generated by org.testng.reporters.JUnitReportReporter -->
<testsuite hostname="LNDB0009" name="com.test.action.HomePage" tests="3" failures="0" timestamp="5 Jul 2016 10:54:53 GMT" time="35.294" errors="0">
  <testcase name="Step02_Enter_Credentials" time="4.919" classname="com.test.action.HomePage"/>
  <testcase name="Step01_Click_Sign_In" time="1.169" classname="com.test.action.HomePage"/>
  <testcase name="Step03_Create_Repository" time="29.206" classname="com.test.action.HomePage"/>
</testsuite> <!-- com.test.action.HomePage -->
